<?xml version="1.0" encoding="UTF-8"?>
<testsuites name="TestOpsIntegration" time="10.432" tests="1" failures="0" errors="0">
   <testsuite name="TestOpsIntegration" tests="1" failures="0" errors="0" time="10.432" skipped="0" timestamp="21-10-2024T14:52:06" hostname="ncbao - ncbao.tma.com.vn" id="Test Suites/TestOpsIntegration">
      <properties>
         <property name="deviceName" value=""/>
         <property name="devicePlatform"/>
         <property name="logFolder" value="C:\\Users\\ncbao\\git\\KatalonCICD-Tutorial\\Reports\\20241021_145200\\TestOpsIntegration\\20241021_145200"/>
         <property name="logFiles" value="C:\\Users\\ncbao\\git\\KatalonCICD-Tutorial\\Reports\\20241021_145200\\TestOpsIntegration\\20241021_145200\\execution0.log"/>
         <property name="attachments" value=""/>
         <property name="hostName" value="ncbao - ncbao.tma.com.vn"/>
         <property name="os" value="Windows 10 64bit"/>
         <property name="katalonVersion" value="9.7.2.223"/>
         <property name="browser" value="Chrome 129.0.0.0"/>
         <property name="hostAddress" value="192.168.89.84"/>
         <property name="sessionId" value="53293b17ecd1b488eec4ca826793c02e"/>
         <property name="seleniumVersion" value="3.141.59"/>
         <property name="proxyInformation" value="ProxyInformation { proxyOption=NO_PROXY, proxyServerType=HTTP, username=, password=********, proxyServerAddress=, proxyServerPort=0, executionList=&quot;&quot;, isApplyToDesiredCapabilities=true }"/>
         <property name="platform" value="Windows 10"/>
      </properties>
      <testcase name="Test Cases/TestOpsIntegration/TestOpsTesting" time="10.295" classname="Test Cases/TestOpsIntegration/TestOpsTesting" status="PASSED">
         <system-out><![CDATA[21-10-2024T14:52:06 - [TEST_CASE][PASSED] - Test Cases/TestOpsIntegration/TestOpsTesting: Test Cases/TestOpsIntegration/TestOpsTesting

21-10-2024T14:52:07 - [TEST_STEP][PASSED] - openBrowser(""): Browser is opened with url: ''

21-10-2024T14:52:07 - [MESSAGE][INFO] - Starting 'Chrome' driver

21-10-2024T14:52:07 - [MESSAGE][INFO] - Action delay is set to 0 milliseconds

21-10-2024T14:52:08 - [MESSAGE][PASSED] - Browser is opened with url: ''

21-10-2024T14:52:08 - [TEST_STEP][PASSED] - navigateToUrl("https://katalon-demo-cura.herokuapp.com/"): Navigate to 'https://katalon-demo-cura.herokuapp.com/' successfully

21-10-2024T14:52:11 - [MESSAGE][PASSED] - Navigate to 'https://katalon-demo-cura.herokuapp.com/' successfully

21-10-2024T14:52:11 - [TEST_STEP][PASSED] - click(findTestObject("Object Repository/TestOpsIntegration/Page_CURA Healthcare Service/a_Make Appointment")): Object: 'Object Repository/TestOpsIntegration/Page_CURA Healthcare Service/a_Make Appointment' is clicked on

21-10-2024T14:52:12 - [MESSAGE][PASSED] - Object: 'Object Repository/TestOpsIntegration/Page_CURA Healthcare Service/a_Make Appointment' is clicked on

21-10-2024T14:52:12 - [TEST_STEP][PASSED] - setText(findTestObject("Object Repository/TestOpsIntegration/Page_CURA Healthcare Service/input_Username_username"), "John Doe"): Text 'John Doe' is set on object 'Object Repository/TestOpsIntegration/Page_CURA Healthcare Service/input_Username_username'

21-10-2024T14:52:12 - [MESSAGE][PASSED] - Text 'John Doe' is set on object 'Object Repository/TestOpsIntegration/Page_CURA Healthcare Service/input_Username_username'

21-10-2024T14:52:12 - [TEST_STEP][PASSED] - setEncryptedText(findTestObject("Object Repository/TestOpsIntegration/Page_CURA Healthcare Service/input_Password_password"), "g3/DOGG74jC3Flrr3yH+3D/yKbOqqUNM"): Text ****** has been set on object 'Object Repository/TestOpsIntegration/Page_CURA Healthcare Service/input_Password_password'

21-10-2024T14:52:13 - [MESSAGE][PASSED] - Text ****** has been set on object 'Object Repository/TestOpsIntegration/Page_CURA Healthcare Service/input_Password_password'

21-10-2024T14:52:13 - [TEST_STEP][PASSED] - click(findTestObject("Object Repository/TestOpsIntegration/Page_CURA Healthcare Service/button_Login")): Object: 'Object Repository/TestOpsIntegration/Page_CURA Healthcare Service/button_Login' is clicked on

21-10-2024T14:52:13 - [MESSAGE][PASSED] - Object: 'Object Repository/TestOpsIntegration/Page_CURA Healthcare Service/button_Login' is clicked on

21-10-2024T14:52:13 - [TEST_STEP][PASSED] - selectOptionByValue(findTestObject("Object Repository/TestOpsIntegration/Page_CURA Healthcare Service/select_Tokyo CURA Healthcare Center        _5b4107"), "Hongkong CURA Healthcare Center", true): All options with value 'Hongkong CURA Healthcare Center' are selected in object 'Object Repository/TestOpsIntegration/Page_CURA Healthcare Service/select_Tokyo CURA Healthcare Center        _5b4107'  using regular expression

21-10-2024T14:52:14 - [MESSAGE][PASSED] - All options with value 'Hongkong CURA Healthcare Center' are selected in object 'Object Repository/TestOpsIntegration/Page_CURA Healthcare Service/select_Tokyo CURA Healthcare Center        _5b4107'  using regular expression

21-10-2024T14:52:14 - [TEST_STEP][PASSED] - click(findTestObject("Object Repository/TestOpsIntegration/Page_CURA Healthcare Service/div_Visit Date (Required)_input-group-addon")): Object: 'Object Repository/TestOpsIntegration/Page_CURA Healthcare Service/div_Visit Date (Required)_input-group-addon' is clicked on

21-10-2024T14:52:15 - [MESSAGE][PASSED] - Object: 'Object Repository/TestOpsIntegration/Page_CURA Healthcare Service/div_Visit Date (Required)_input-group-addon' is clicked on

21-10-2024T14:52:15 - [TEST_STEP][PASSED] - click(findTestObject("Object Repository/TestOpsIntegration/Page_CURA Healthcare Service/td_10")): Object: 'Object Repository/TestOpsIntegration/Page_CURA Healthcare Service/td_10' is clicked on

21-10-2024T14:52:15 - [MESSAGE][PASSED] - Object: 'Object Repository/TestOpsIntegration/Page_CURA Healthcare Service/td_10' is clicked on

21-10-2024T14:52:15 - [TEST_STEP][PASSED] - setText(findTestObject("Object Repository/TestOpsIntegration/Page_CURA Healthcare Service/textarea_Comment_comment"), "Appointment for HongKong"): Text 'Appointment for HongKong' is set on object 'Object Repository/TestOpsIntegration/Page_CURA Healthcare Service/textarea_Comment_comment'

21-10-2024T14:52:16 - [MESSAGE][PASSED] - Text 'Appointment for HongKong' is set on object 'Object Repository/TestOpsIntegration/Page_CURA Healthcare Service/textarea_Comment_comment'

21-10-2024T14:52:16 - [TEST_STEP][PASSED] - click(findTestObject("Object Repository/TestOpsIntegration/Page_CURA Healthcare Service/button_Book Appointment")): Object: 'Object Repository/TestOpsIntegration/Page_CURA Healthcare Service/button_Book Appointment' is clicked on

21-10-2024T14:52:16 - [MESSAGE][PASSED] - Object: 'Object Repository/TestOpsIntegration/Page_CURA Healthcare Service/button_Book Appointment' is clicked on

21-10-2024T14:52:16 - [TEST_STEP][PASSED] - closeBrowser(): Browser is closed

21-10-2024T14:52:17 - [MESSAGE][PASSED] - Browser is closed]]></system-out>
         <system-err><![CDATA[]]></system-err>
      </testcase>
      <system-out><![CDATA[21-10-2024T14:52:06 - [TEST_SUITE][PASSED] - TestOpsIntegration: Test Cases/TestOpsIntegration/TestOpsTesting]]></system-out>
      <system-err><![CDATA[]]></system-err>
   </testsuite>
</testsuites>
